app/manifest-merger-debug-report.txt
-- Merging decision tree log ---
manifest
ADDED from AndroidManifest.xml:2:1
	xmlns:android
		ADDED from AndroidManifest.xml:2:11
	package
		ADDED from AndroidManifest.xml:3:5
		INJECTED from AndroidManifest.xml:0:0
		INJECTED from AndroidManifest.xml:0:0
	android:versionName
		ADDED from AndroidManifest.xml:5:5
	android:versionCode
		ADDED from AndroidManifest.xml:4:5
		INJECTED from AndroidManifest.xml:0:0
		INJECTED from AndroidManifest.xml:0:0
uses-sdk
ADDED from AndroidManifest.xml:7:5
MERGED from com.android.support:appcompat-v7:21.0.3:15:5
MERGED from com.android.support:support-v4:21.0.3:15:5
MERGED from com.android.support:support-v4:21.0.3:15:5
MERGED from com.edmodo:cropper:1.0.1:7:5
MERGED from com.daimajia.easing:library:1.0.0:7:5
MERGED from com.daimajia.androidanimations:library:1.1.3:8:5
MERGED from UGuide.libraries:observablescrollview:unspecified:21:5
MERGED from com.android.support:recyclerview-v7:21.0.0:15:5
MERGED from com.android.support:support-v4:21.0.3:15:5
MERGED from UGuide.libraries:ViewPagerExtensions:unspecified:7:5
MERGED from com.android.support:support-v4:21.0.3:15:5
MERGED from com.melnykov:floatingactionbutton:1.0.7:8:5
MERGED from com.android.support:recyclerview-v7:21.0.0:15:5
MERGED from com.android.support:support-v4:21.0.3:15:5
MERGED from UGuide.libraries:floatingactionbutton:unspecified:6:5
	android:targetSdkVersion
		ADDED from AndroidManifest.xml:9:9
		INJECTED from AndroidManifest.xml:0:0
		INJECTED from AndroidManifest.xml:0:0
	android:minSdkVersion
		ADDED from AndroidManifest.xml:8:9
		INJECTED from AndroidManifest.xml:0:0
		INJECTED from AndroidManifest.xml:0:0
uses-permission#android.permission.ACCESS_NETWORK_STATE
ADDED from AndroidManifest.xml:11:5
	android:name
		ADDED from AndroidManifest.xml:11:22
uses-permission#android.permission.INTERNET
ADDED from AndroidManifest.xml:12:5
	android:name
		ADDED from AndroidManifest.xml:12:22
uses-permission#android.permission.ACCESS_WIFI_STATE
ADDED from AndroidManifest.xml:13:5
	android:name
		ADDED from AndroidManifest.xml:13:22
uses-permission#android.permission.CHANGE_WIFI_STATE
ADDED from AndroidManifest.xml:14:5
	android:name
		ADDED from AndroidManifest.xml:14:22
uses-permission#android.permission.READ_PHONE_STATE
ADDED from AndroidManifest.xml:15:5
	android:name
		ADDED from AndroidManifest.xml:15:22
uses-permission#android.permission.WRITE_EXTERNAL_STORAGE
ADDED from AndroidManifest.xml:16:5
	android:name
		ADDED from AndroidManifest.xml:16:22
uses-permission#android.permission.READ_EXTERNAL_STORAGE
ADDED from AndroidManifest.xml:17:5
	android:name
		ADDED from AndroidManifest.xml:17:22
uses-permission#android.permission.RECORD_AUDIO
ADDED from AndroidManifest.xml:18:5
	android:name
		ADDED from AndroidManifest.xml:18:22
uses-permission#android.permission.CAMERA
ADDED from AndroidManifest.xml:19:5
	android:name
		ADDED from AndroidManifest.xml:19:22
uses-feature#android.hardware.camera
ADDED from AndroidManifest.xml:21:5
	android:name
		ADDED from AndroidManifest.xml:21:19
uses-feature#android.hardware.camera.autofocus
ADDED from AndroidManifest.xml:22:5
	android:name
		ADDED from AndroidManifest.xml:22:19
uses-permission#android.permission.VIBRATE
ADDED from AndroidManifest.xml:24:5
	android:name
		ADDED from AndroidManifest.xml:24:22
uses-permission#android.permission.BLUETOOTH
ADDED from AndroidManifest.xml:25:5
	android:name
		ADDED from AndroidManifest.xml:25:22
application
ADDED from AndroidManifest.xml:27:5
MERGED from com.android.support:appcompat-v7:21.0.3:16:5
MERGED from com.android.support:support-v4:21.0.3:16:5
MERGED from com.android.support:support-v4:21.0.3:16:5
MERGED from com.daimajia.easing:library:1.0.0:11:5
MERGED from com.android.support:recyclerview-v7:21.0.0:17:5
MERGED from com.android.support:support-v4:21.0.3:16:5
MERGED from com.android.support:support-v4:21.0.3:16:5
MERGED from com.melnykov:floatingactionbutton:1.0.7:12:5
MERGED from com.android.support:recyclerview-v7:21.0.0:17:5
MERGED from com.android.support:support-v4:21.0.3:16:5
MERGED from UGuide.libraries:floatingactionbutton:unspecified:10:5
	android:screenOrientation
		ADDED from AndroidManifest.xml:31:9
	android:label
		ADDED from AndroidManifest.xml:30:9
	android:allowBackup
		ADDED from AndroidManifest.xml:28:9
	android:icon
		ADDED from AndroidManifest.xml:29:9
	android:theme
		ADDED from AndroidManifest.xml:32:9
activity#com.kai.uguide.MainActivity
ADDED from AndroidManifest.xml:33:9
	android:label
		ADDED from AndroidManifest.xml:35:13
	android:name
		ADDED from AndroidManifest.xml:34:13
activity#com.kai.uguide.ResultActivity
ADDED from AndroidManifest.xml:36:9
	android:label
		ADDED from AndroidManifest.xml:38:13
	android:name
		ADDED from AndroidManifest.xml:37:13
activity#com.kai.uguide.SplashActivity
ADDED from AndroidManifest.xml:39:9
	android:label
		ADDED from AndroidManifest.xml:41:13
	android:theme
		ADDED from AndroidManifest.xml:42:13
	android:name
		ADDED from AndroidManifest.xml:40:13
intent-filter#android.intent.action.MAIN+android.intent.category.LAUNCHER
ADDED from AndroidManifest.xml:43:13
action#android.intent.action.MAIN
ADDED from AndroidManifest.xml:44:17
	android:name
		ADDED from AndroidManifest.xml:44:25
category#android.intent.category.LAUNCHER
ADDED from AndroidManifest.xml:46:17
	android:name
		ADDED from AndroidManifest.xml:46:27
activity#com.kai.uguide.HomeActivity
ADDED from AndroidManifest.xml:49:9
	android:label
		ADDED from AndroidManifest.xml:51:13
	android:name
		ADDED from AndroidManifest.xml:50:13
activity#com.kai.uguide.SelectImageActivity
ADDED from AndroidManifest.xml:52:9
	android:label
		ADDED from AndroidManifest.xml:54:13
	android:theme
		ADDED from AndroidManifest.xml:55:13
	android:name
		ADDED from AndroidManifest.xml:53:13
activity#com.kai.uguide.CropImageActivity
ADDED from AndroidManifest.xml:56:9
	android:label
		ADDED from AndroidManifest.xml:58:13
	android:name
		ADDED from AndroidManifest.xml:57:13
activity#com.kai.uguide.TextToSpeechActivity
ADDED from AndroidManifest.xml:59:9
	android:label
		ADDED from AndroidManifest.xml:61:13
	android:name
		ADDED from AndroidManifest.xml:60:13
activity#android.support.v7.widget.TestActivity
ADDED from com.android.support:recyclerview-v7:21.0.0:18:9
MERGED from com.android.support:recyclerview-v7:21.0.0:18:9
	android:label
		ADDED from com.android.support:recyclerview-v7:21.0.0:18:19
	android:name
		ADDED from com.android.support:recyclerview-v7:21.0.0:18:60